\BOOKMARK [1][-]{section.1}{\376\377\137\025\212\000}{}% 1
\BOOKMARK [2][-]{subsection.1.1}{\376\377\200\314\146\157\124\214\122\250\147\072}{section.1}% 2
\BOOKMARK [2][-]{subsection.1.2}{\376\377\133\211\121\150\151\202\137\365}{section.1}% 3
\BOOKMARK [2][-]{subsection.1.3}{\376\377\151\202\137\365\225\364\166\204\211\304\176\246}{section.1}% 4
\BOOKMARK [2][-]{subsection.1.4}{\376\377\122\240\133\306\145\271\150\110\166\204\133\211\121\150\140\047}{section.1}% 5
\BOOKMARK [2][-]{subsection.1.5}{\376\377\146\364\131\032\123\206\123\362}{section.1}% 6
\BOOKMARK [2][-]{subsection.1.6}{\376\377\121\163\116\216\153\144\144\130\211\201\145\207\172\340}{section.1}% 7
\BOOKMARK [1][-]{section.2}{\376\377\122\240\133\306\166\204\151\202\137\365}{}% 8
\BOOKMARK [2][-]{subsection.2.1}{\376\377\122\240\133\306\145\271\150\110\166\204\213\355\154\325}{section.2}% 9
\BOOKMARK [2][-]{subsection.2.2}{\376\377\126\333\116\052\133\211\121\150\151\202\137\365}{section.2}% 10
\BOOKMARK [3][-]{subsubsection.2.2.1}{\376\377\167\037\133\236\142\026\226\217\147\072\000\050\000R\000E\000A\000L\000-\000O\000R\000-\000R\000A\000N\000D\000O\000M\000\051}{subsection.2.2}% 11
\BOOKMARK [3][-]{subsubsection.2.2.2}{\376\377\135\346\142\026\123\363\000\050\000L\000E\000F\000T\000-\000O\000R\000-\000R\000I\000G\000H\000T\000\051}{subsection.2.2}% 12
\BOOKMARK [3][-]{subsubsection.2.2.3}{\376\377\147\345\142\176\000-\163\034\155\113\000\050\000F\000I\000N\000D\000-\000T\000H\000E\000N\000-\000G\000U\000E\000S\000S\000\051}{subsection.2.2}% 13
\BOOKMARK [3][-]{subsubsection.2.2.4}{\376\377\213\355\116\111\000\050\000S\000E\000M\000A\000N\000T\000I\000C\000\051}{subsection.2.2}% 14
\BOOKMARK [3][-]{subsubsection.2.2.5}{\376\377\116\072\147\011\162\266\140\001\150\110\117\213\117\356\145\071\133\232\116\111}{subsection.2.2}% 15
\BOOKMARK [3][-]{subsubsection.2.2.6}{\376\377\156\020\217\333\133\232\116\111\000\050\000A\000S\000Y\000M\000P\000T\000O\000T\000I\000C\000\040\000D\000E\000F\000I\000N\000I\000T\000I\000O\000N\000S\000\051}{subsection.2.2}% 16
\BOOKMARK [1][-]{section.3}{\376\377\151\202\137\365\225\364\211\304\176\246}{}% 17
\BOOKMARK [1][-]{section.4}{\376\377\145\271\150\110\122\006\147\220}{}% 18
\BOOKMARK [2][-]{subsection.4.1}{\376\377\147\011\226\120\000P\000R\000F\000s\124\214\000P\000R\000P\000s}{section.4}% 19
\BOOKMARK [2][-]{subsection.4.2}{\376\377\000X\000O\000R\145\271\150\110}{section.4}% 20
\BOOKMARK [2][-]{subsection.4.3}{\376\377\000C\000B\000C\145\271\150\110}{section.4}% 21
