\BOOKMARK [1][-]{section.1}{\376\377\137\025\212\000\124\214\151\202\217\360\000\050\000I\000N\000T\000R\000O\000D\000U\000C\000T\000I\000O\000N\000\040\000A\000N\000D\000\040\000S\000U\000M\000M\000A\000R\000Y\000\051}{}% 1
\BOOKMARK [1][-]{section.2}{\376\377\117\335\133\306\174\373\176\337\000\050\000S\000E\000C\000R\000E\000C\000Y\000\040\000S\000Y\000S\000T\000E\000M\000S\000\051}{}% 2
\BOOKMARK [1][-]{section.3}{\376\377\174\373\176\337\166\204\210\150\171\072\000\050\000R\000E\000P\000R\000E\000S\000E\000N\000T\000A\000T\000I\000O\000N\000\040\000O\000P\000\040\000S\000Y\000S\000T\000E\000M\000S\000\051}{}% 3
\BOOKMARK [1][-]{section.4}{\376\377\117\335\133\306\174\373\176\337\166\204\116\000\116\233\117\213\133\120\000\050\000S\000O\000M\000E\000\040\000E\000X\000A\000M\000P\000L\000E\000S\000\040\000O\000F\000\040\000S\000E\000C\000R\000E\000C\000Y\000\040\000S\000Y\000S\000T\000E\000M\000S\000\051}{}% 4
\BOOKMARK [2][-]{subsection.4.1}{\376\377\173\200\123\125\146\377\143\142\133\306\170\001\000\050\000S\000i\000m\000p\000l\000e\000\040\000S\000u\000b\000s\000t\000i\000t\000u\000t\000i\000o\000n\000\040\000C\000i\000p\000h\000e\000r\000\040\000\051}{section.4}% 5
\BOOKMARK [2][-]{subsection.4.2}{\376\377\143\142\117\115\000\050\126\372\133\232\124\150\147\037\000d\000\051\000\050\000T\000r\000a\000n\000s\000p\000o\000s\000i\000t\000i\000o\000n\000\040\000\050\000F\000i\000x\000e\000d\000\040\000P\000e\000r\000i\000o\000d\000\040\000d\000\051\000\051}{section.4}% 6
\BOOKMARK [2][-]{subsection.4.3}{\376\377\176\364\124\011\134\074\116\232\123\312\121\166\123\330\171\315\000\050\000V\000i\000g\000e\000n\000\350\000r\000e\000\040\000a\000n\000d\000\040\000V\000a\000r\000i\000a\000t\000i\000o\000n\000s\000\040\000\051}{section.4}% 7
\BOOKMARK [2][-]{subsection.4.4}{\376\377\116\214\121\103\126\376\060\001\116\011\121\103\126\376\124\214\000N\121\103\126\376\146\377\143\142\000\050\000D\000i\000g\000r\000a\000m\000\040\000,\000\040\000T\000r\000i\000g\000r\000a\000m\000\040\000a\000n\000d\000\040\000N\000-\000g\000r\000a\000m\000\040\000s\000u\000b\000s\000t\000i\000t\000u\000t\000i\000o\000n\000\051}{section.4}% 8
\BOOKMARK [2][-]{subsection.4.5}{\376\377\123\125\116\000\155\367\124\010\133\127\153\315\210\150\000V\000i\000g\000e\000n\000\350\000r\000e\000\050\000S\000i\000n\000g\000l\000e\000\040\000M\000i\000x\000e\000d\000\040\000A\000l\000p\000h\000a\000b\000e\000t\000\040\000V\000i\000g\000e\000n\000\350\000r\000e\000\040\000\051}{section.4}% 9
\BOOKMARK [2][-]{subsection.4.6}{\376\377\167\351\226\065\174\373\176\337\000\050\000M\000a\000t\000r\000i\000x\000\040\000S\000y\000s\000t\000e\000m\000\051\000\040\000S\000e\000e\000\040\000L\000\040\000.\000\040\000S\000\040\000.\000\040\000H\000i\000l\000l\000\040\000,\040\034\000\040\000C\000r\000y\000p\000t\000o\000g\000r\000a\000p\000h\000y\000\040\000i\000n\000\040\000a\000n\000\040\000A\000l\000g\000e\000b\000r\000a\000i\000c\000\040\000A\000l\000p\000h\000a\000b\000e\000t\000\040\000,\000\040\040\035\000\040\000A\000m\000e\000r\000i\000c\000a\000n\000\040\000M\000a\000t\000h\000\040\000.\000\040\000M\000o\000n\000t\000h\000l\000y\000\040\000,\000v\000.\000\040\0003\0006\000\040\000,\000\040\000N\000o\000.\000\040\0006\000\040\000,\000\040\0001\000\040\000,\000\040\0001\0009\0002\0009\000,\000\040\000p\000p\000.\000\040\0003\0000\0006\000\040\000-\0003\0001\0002\000\040\000;\000\040\000a\000l\000s\000o\000\040\040\034\000\040\000C\000o\000n\000c\000e\000r\000n\000i\000n\000g\000\040\000C\000e\000r\000t\000a\000i\000n\000\040\000L\000i\000n\000e\000a\000r\000\040\000T\000r\000a\000n\000s\000f\000o\000r\000m\000a\000t\000i\000o\000n\000\040\000A\000p\000p\000a\000r\000a\000t\000u\000s\000\040\000o\000f\000\040\000C\000r\000y\000p\000t\000o\000g\000r\000a\000p\000h\000y\000\040\000,\000\040\040\035\000\040\000v\000.\000\040\0003\0008\000\040\000,\000\040\000N\000o\000.\000\040\0003\000\040\000,\000\040\0001\0009\0003\0001\000\040\000,\000\040\000p\000p\000.\000\040\0001\0003\0005\000-\0001\0005\0004\000\040\000\040}{section.4}% 10
\BOOKMARK [2][-]{subsection.4.7}{\376\377\156\070\116\120\127\072\133\306\170\001\000\050\000T\000h\000e\000\040\000P\000l\000a\000y\000f\000a\000i\000r\000\040\000C\000i\000p\000h\000e\000r\000\051}{section.4}% 11
\BOOKMARK [2][-]{subsection.4.8}{\376\377\131\032\221\315\155\367\124\010\133\127\153\315\146\377\143\142\000\050\000M\000u\000l\000t\000i\000p\000l\000e\000\040\000M\000i\000x\000e\000d\000\040\000A\000l\000p\000h\000a\000b\000e\000t\000\040\000S\000u\000b\000s\000t\000i\000t\000u\000t\000i\000o\000n\000\051}{section.4}% 12
\BOOKMARK [2][-]{subsection.4.9}{\376\377\201\352\122\250\133\306\224\245\133\306\170\001\000\050\000A\000u\000t\000o\000k\000e\000y\000\040\000C\000i\000p\000h\000e\000r\000\051}{section.4}% 13
\BOOKMARK [2][-]{subsection.4.10}{\376\377\122\006\231\217\133\306\170\001\000\050\000F\000r\000a\000c\000t\000i\000o\000n\000a\000l\000\040\000C\000i\000p\000h\000e\000r\000s\000\051}{section.4}% 14
\BOOKMARK [2][-]{subsection.4.11}{\376\377\177\026\170\001\000\050\000C\000o\000d\000e\000s\000\051}{section.4}% 15
\BOOKMARK [1][-]{section.5}{\376\377\117\335\133\306\174\373\176\337\166\204\213\304\116\367\000\050\000V\000A\000L\000U\000A\000T\000I\000O\000N\000S\000\040\000O\000F\000\040\000S\000E\000C\000R\000E\000C\000Y\000\040\000S\000Y\000S\000T\000E\000M\000S\000\051}{}% 16
\BOOKMARK [2][-]{subsection.5.1}{\376\377\117\335\133\306\172\013\136\246\000\050\000A\000m\000o\000u\000n\000t\000\040\000o\000f\000\040\000S\000e\000c\000r\000e\000c\000y\000\051}{section.5}% 17
\BOOKMARK [2][-]{subsection.5.2}{\376\377\133\306\224\245\131\047\134\017\000\050\000S\000i\000z\000e\000\040\000o\000f\000\040\000K\000e\000y\000\040\000\051}{section.5}% 18
\BOOKMARK [2][-]{subsection.5.3}{\376\377\122\240\133\306\124\214\211\343\133\306\144\315\117\134\166\204\131\015\147\102\140\047\000\050\000C\000o\000m\000p\000l\000e\000x\000i\000t\000y\000\040\000o\000f\000\040\000E\000n\000c\000i\000p\000h\000e\000r\000i\000n\000g\000\040\000a\000n\000d\000\040\000D\000e\000c\000i\000p\000h\000e\000r\000i\000n\000g\000\040\000O\000p\000e\000r\000a\000t\000i\000o\000n\000s\000\051}{section.5}% 19
\BOOKMARK [2][-]{subsection.5.4}{\376\377\225\031\213\357\117\040\144\255\000\050\000P\000r\000o\000p\000a\000g\000a\000t\000i\000o\000n\000\040\000o\000f\000\040\000E\000r\000r\000o\000r\000s\000\051}{section.5}% 20
\BOOKMARK [2][-]{subsection.5.5}{\376\377\155\210\140\157\142\151\134\125\000\050\000E\000x\000p\000a\000n\000s\000i\000o\000n\000\040\000o\000f\000\040\000M\000e\000s\000s\000a\000g\000e\000\051}{section.5}% 21
\BOOKMARK [1][-]{section.6}{\376\377\117\335\133\306\174\373\176\337\116\343\145\160\000\050\000T\000H\000E\000\040\000A\000L\000G\000E\000B\000R\000A\000\040\000O\000F\000\040\000S\000E\000C\000R\000E\000C\000Y\000\040\000S\000Y\000S\000T\000E\000M\000S\000\051}{}% 22
\BOOKMARK [1][-]{section.7}{\376\377\176\257\133\306\170\001\124\214\155\367\124\010\133\306\170\001\000\050\000P\000U\000R\000E\000\040\000A\000N\000D\000\040\000M\000I\000X\000E\000D\000\040\000C\000I\000P\000H\000E\000R\000S\000\051}{}% 23
\BOOKMARK [1][-]{section.8}{\376\377\166\370\117\074\174\373\176\337\000\050\000S\000I\000M\000I\000L\000A\000R\000\040\000S\000Y\000S\000T\000E\000M\000S\000\051}{}% 24
\BOOKMARK [1][-]{section.9}{\376\377\137\025\212\000\000\050\000I\000N\000T\000R\000O\000D\000U\000C\000T\000I\000O\000N\000\051}{}% 25
\BOOKMARK [1][-]{section.10}{\376\377\133\214\121\150\117\335\133\306\000\050\000P\000E\000R\000F\000E\000C\000T\000\040\000S\000E\000C\000R\000E\000C\000Y\000\051}{}% 26
\BOOKMARK [1][-]{section.11}{\376\377\165\221\116\111\136\246\000\050\000E\000Q\000U\000I\000V\000O\000C\000A\000T\000I\000O\000N\000\051}{}% 27
\BOOKMARK [1][-]{section.12}{\376\377\165\221\116\111\136\246\140\047\215\050\000\050\000P\000R\000O\000P\000E\000R\000T\000I\000E\000S\000\040\000O\000F\000\040\000E\000Q\000U\000I\000V\000O\000C\000A\000T\000I\000O\000N\000\051}{}% 28
\BOOKMARK [1][-]{section.13}{\376\377\123\314\133\127\153\315\213\355\212\000\116\055\173\200\123\125\146\377\143\142\166\204\165\221\116\111\136\246\000\050\000E\000Q\000U\000I\000V\000O\000C\000A\000T\000I\000O\000N\000\040\000F\000O\000R\000\040\000S\000I\000M\000P\000L\000E\000\040\000S\000U\000B\000S\000T\000I\000T\000U\000T\000I\000O\000N\000\040\000O\000N\000\040\000A\000\040\000T\000W\000O\000\040\000L\000E\000T\000T\000E\000R\000\040\000L\000A\000N\000G\000U\000A\000G\000E\000\051}{}% 29
\BOOKMARK [1][-]{section.14}{\376\377\226\217\147\072\133\306\170\001\166\204\165\221\116\111\136\246\162\171\137\201\000\050\000T\000H\000E\000\040\000E\000Q\000U\000I\000V\000O\000C\000A\000T\000I\000O\000N\000\040\000C\000H\000A\000R\000A\000C\000T\000E\000R\000I\000S\000T\000I\000C\000\040\000F\000O\000R\000\040\000A\000\040\000R\000A\000N\000D\000O\000M\000\040\000C\000I\000P\000H\000E\000R\000\051}{}% 30
\BOOKMARK [1][-]{section.15}{\376\377\150\007\121\306\133\306\170\001\166\204\136\224\165\050\000\050\000A\000P\000P\000L\000I\000C\000A\000T\000I\000O\000N\000\040\000T\000O\000\040\000S\000T\000A\000N\000D\000A\000R\000D\000\040\000C\000I\000P\000H\000E\000R\000S\000\051}{}% 31
\BOOKMARK [1][-]{section.16}{\376\377\133\306\145\207\145\271\150\110\166\204\147\011\145\110\140\047\000\050\000V\000A\000L\000I\000D\000I\000T\000Y\000\040\000O\000F\000\040\000A\000\040\000C\000R\000Y\000P\000T\000O\000G\000R\000A\000M\000\040\000S\000O\000L\000U\000T\000I\000O\000N\000\051}{}% 32
\BOOKMARK [1][-]{section.17}{\376\377\164\006\140\363\117\335\133\306\174\373\176\337\000\050\000I\000D\000E\000A\000L\000\040\000S\000E\000C\000R\000E\000C\000Y\000\040\000S\000Y\000S\000T\000E\000M\000S\000\051}{}% 33
\BOOKMARK [1][-]{section.18}{\376\377\164\006\140\363\117\335\133\306\174\373\176\337\166\204\117\213\133\120\000\050\000E\000X\000A\000M\000P\000L\000E\000S\000\040\000O\000F\000\040\000I\000D\000E\000A\000L\000\040\000S\000E\000C\000R\000E\000C\000Y\000\040\000S\000Y\000S\000T\000E\000M\000S\000\051}{}% 34
\BOOKMARK [1][-]{section.19}{\376\377\121\163\116\216\165\221\116\111\136\246\124\214\121\227\117\131\166\204\217\333\116\000\153\145\213\304\213\272\000\050\000F\000U\000R\000T\000H\000E\000R\000\040\000R\000E\000M\000A\000R\000K\000S\000\040\000O\000N\000\040\000E\000Q\000U\000I\000V\000O\000C\000A\000T\000I\000O\000N\000\040\000A\000N\000D\000\040\000R\000E\000D\000U\000N\000D\000A\000N\000C\000Y\000\051}{}% 35
\BOOKMARK [1][-]{section.20}{\376\377\165\221\116\111\136\246\122\006\136\003\000\050\000D\000I\000S\000T\000R\000I\000B\000U\000T\000I\000O\000N\000\040\000O\000F\000\040\000E\000Q\000U\000I\000V\000O\000C\000A\000T\000I\000O\000N\000\051}{}% 36
\BOOKMARK [1][-]{section.21}{\376\377\135\345\117\134\162\171\140\047\000\050\000T\000H\000E\000\040\000W\000O\000R\000K\000\040\000C\000H\000A\000R\000A\000C\000T\000E\000R\000I\000S\000T\000I\000C\000\051}{}% 37
\BOOKMARK [1][-]{section.22}{\376\377\133\306\145\207\211\343\166\204\116\000\202\054\140\047\213\250\213\272\000\050\000G\000E\000N\000E\000R\000A\000L\000I\000T\000I\000E\000S\000\040\000O\000N\000\040\000T\000H\000E\000\040\000S\000O\000L\000U\000T\000I\000O\000N\000\040\000O\000F\000\040\000C\000R\000Y\000P\000T\000O\000G\000R\000A\000M\000S\000\051}{}% 38
\BOOKMARK [1][-]{section.23}{\376\377\176\337\213\241\145\271\154\325\000\050\000S\000T\000A\000T\000I\000S\000T\000I\000C\000A\000L\000\040\000M\000E\000T\000H\000O\000D\000S\000\051}{}% 39
\BOOKMARK [1][-]{section.24}{\376\377\123\357\200\375\213\315\145\271\154\325\000\050\000T\000H\000E\000\040\000P\000R\000O\000B\000A\000B\000L\000E\000\040\000W\000O\000R\000D\000\040\000M\000E\000T\000H\000O\000D\000\051}{}% 40
\BOOKMARK [1][-]{section.25}{\376\377\155\367\124\010\123\330\143\142\000\050\000M\000I\000X\000I\000N\000G\000\040\000T\000R\000A\000N\000S\000F\000O\000R\000M\000A\000T\000I\000O\000N\000S\000\051}{}% 41
\BOOKMARK [1][-]{section.26}{\376\377\000T\000k\000\040\000F\000\040\000S\000j\174\173\127\213\133\306\170\001\000\050\000C\000I\000P\000H\000E\000R\000S\000\040\000O\000F\000\040\000T\000H\000E\000\040\000T\000Y\000P\000E\000\040\000T\000k\000\040\000F\000\040\000S\000j\000\051}{}% 42
\BOOKMARK [1][-]{section.27}{\376\377\131\175\174\373\176\337\150\007\121\306\166\204\116\015\121\174\133\271\140\047\000\050\000I\000N\000C\000O\000M\000P\000A\000T\000I\000B\000I\000L\000I\000T\000Y\000\040\000O\000F\000\040\000T\000H\000E\000\040\000C\000R\000I\000T\000E\000R\000I\000A\000\040\000F\000O\000R\000\040\000G\000O\000O\000D\000\040\000S\000Y\000S\000T\000E\000M\000S\000\051}{}% 43
